Started GET "/" for 127.0.0.1 at 2018-11-23 14:59:32 -0300
  
ActiveRecord::NoDatabaseError (FATAL:  role "mcolombo" does not exist
):
  
activerecord (5.2.1) lib/active_record/connection_adapters/postgresql_adapter.rb:688:in `rescue in connect'
activerecord (5.2.1) lib/active_record/connection_adapters/postgresql_adapter.rb:683:in `connect'
activerecord (5.2.1) lib/active_record/connection_adapters/postgresql_adapter.rb:215:in `initialize'
activerecord (5.2.1) lib/active_record/connection_adapters/postgresql_adapter.rb:40:in `new'
activerecord (5.2.1) lib/active_record/connection_adapters/postgresql_adapter.rb:40:in `postgresql_connection'
activerecord (5.2.1) lib/active_record/connection_adapters/abstract/connection_pool.rb:809:in `new_connection'
activerecord (5.2.1) lib/active_record/connection_adapters/abstract/connection_pool.rb:853:in `checkout_new_connection'
activerecord (5.2.1) lib/active_record/connection_adapters/abstract/connection_pool.rb:832:in `try_to_checkout_new_connection'
activerecord (5.2.1) lib/active_record/connection_adapters/abstract/connection_pool.rb:793:in `acquire_connection'
activerecord (5.2.1) lib/active_record/connection_adapters/abstract/connection_pool.rb:521:in `checkout'
activerecord (5.2.1) lib/active_record/connection_adapters/abstract/connection_pool.rb:380:in `connection'
activerecord (5.2.1) lib/active_record/connection_adapters/abstract/connection_pool.rb:1008:in `retrieve_connection'
activerecord (5.2.1) lib/active_record/connection_handling.rb:118:in `retrieve_connection'
activerecord (5.2.1) lib/active_record/connection_handling.rb:90:in `connection'
activerecord (5.2.1) lib/active_record/migration.rb:554:in `call'
actionpack (5.2.1) lib/action_dispatch/middleware/callbacks.rb:28:in `block in call'
activesupport (5.2.1) lib/active_support/callbacks.rb:98:in `run_callbacks'
actionpack (5.2.1) lib/action_dispatch/middleware/callbacks.rb:26:in `call'
actionpack (5.2.1) lib/action_dispatch/middleware/executor.rb:14:in `call'
actionpack (5.2.1) lib/action_dispatch/middleware/debug_exceptions.rb:61:in `call'
web-console (3.7.0) lib/web_console/middleware.rb:135:in `call_app'
web-console (3.7.0) lib/web_console/middleware.rb:30:in `block in call'
web-console (3.7.0) lib/web_console/middleware.rb:20:in `catch'
web-console (3.7.0) lib/web_console/middleware.rb:20:in `call'
actionpack (5.2.1) lib/action_dispatch/middleware/show_exceptions.rb:33:in `call'
railties (5.2.1) lib/rails/rack/logger.rb:38:in `call_app'
railties (5.2.1) lib/rails/rack/logger.rb:26:in `block in call'
activesupport (5.2.1) lib/active_support/tagged_logging.rb:71:in `block in tagged'
activesupport (5.2.1) lib/active_support/tagged_logging.rb:28:in `tagged'
activesupport (5.2.1) lib/active_support/tagged_logging.rb:71:in `tagged'
railties (5.2.1) lib/rails/rack/logger.rb:26:in `call'
sprockets-rails (3.2.1) lib/sprockets/rails/quiet_assets.rb:13:in `call'
actionpack (5.2.1) lib/action_dispatch/middleware/remote_ip.rb:81:in `call'
actionpack (5.2.1) lib/action_dispatch/middleware/request_id.rb:27:in `call'
rack (2.0.6) lib/rack/method_override.rb:22:in `call'
rack (2.0.6) lib/rack/runtime.rb:22:in `call'
activesupport (5.2.1) lib/active_support/cache/strategy/local_cache_middleware.rb:29:in `call'
actionpack (5.2.1) lib/action_dispatch/middleware/executor.rb:14:in `call'
actionpack (5.2.1) lib/action_dispatch/middleware/static.rb:127:in `call'
rack (2.0.6) lib/rack/sendfile.rb:111:in `call'
railties (5.2.1) lib/rails/engine.rb:524:in `call'
puma (3.12.0) lib/puma/configuration.rb:225:in `call'
puma (3.12.0) lib/puma/server.rb:658:in `handle_request'
puma (3.12.0) lib/puma/server.rb:472:in `process_client'
puma (3.12.0) lib/puma/server.rb:332:in `block in run'
puma (3.12.0) lib/puma/thread_pool.rb:133:in `block in spawn_thread'
Started POST "/__web_console/repl_sessions/15e0c74c9b6e31065a240b102a667916/trace" for 127.0.0.1 at 2018-11-23 15:00:04 -0300
Started POST "/__web_console/repl_sessions/15e0c74c9b6e31065a240b102a667916/trace" for 127.0.0.1 at 2018-11-23 15:00:07 -0300
  [1m[35m (251.6ms)[0m  [1m[35mCREATE DATABASE "wbooks-api_development" ENCODING = 'unicode'[0m
  ↳ /home/mcolombo/.rbenv/versions/2.5.3/bin/rake:23
  [1m[35m (247.3ms)[0m  [1m[35mCREATE DATABASE "wbooks-api_test" ENCODING = 'unicode'[0m
  ↳ /home/mcolombo/.rbenv/versions/2.5.3/bin/rake:23
Started GET "/" for 127.0.0.1 at 2018-11-23 15:11:04 -0300
Processing by Rails::WelcomeController#index as HTML
  Rendering /home/mcolombo/.rbenv/versions/2.5.3/lib/ruby/gems/2.5.0/gems/railties-5.2.1/lib/rails/templates/rails/welcome/index.html.erb
  Rendered /home/mcolombo/.rbenv/versions/2.5.3/lib/ruby/gems/2.5.0/gems/railties-5.2.1/lib/rails/templates/rails/welcome/index.html.erb (1.2ms)
Completed 200 OK in 8ms (Views: 2.4ms | ActiveRecord: 0.0ms)


Started GET "/" for 127.0.0.1 at 2018-11-23 15:35:40 -0300
Processing by Rails::WelcomeController#index as HTML
  Rendering /home/mcolombo/.rbenv/versions/2.5.3/lib/ruby/gems/2.5.0/gems/railties-5.2.1/lib/rails/templates/rails/welcome/index.html.erb
  Rendered /home/mcolombo/.rbenv/versions/2.5.3/lib/ruby/gems/2.5.0/gems/railties-5.2.1/lib/rails/templates/rails/welcome/index.html.erb (3.0ms)
Completed 200 OK in 10ms (Views: 4.7ms | ActiveRecord: 0.0ms)


Started GET "/" for 127.0.0.1 at 2018-11-23 16:01:51 -0300
Processing by Rails::WelcomeController#index as HTML
  Rendering /home/mcolombo/.rbenv/versions/2.5.3/lib/ruby/gems/2.5.0/gems/railties-5.2.1/lib/rails/templates/rails/welcome/index.html.erb
  Rendered /home/mcolombo/.rbenv/versions/2.5.3/lib/ruby/gems/2.5.0/gems/railties-5.2.1/lib/rails/templates/rails/welcome/index.html.erb (5.9ms)
Completed 200 OK in 13ms (Views: 9.2ms | ActiveRecord: 0.0ms)


  [1m[35m (112.4ms)[0m  [1m[35mDROP DATABASE IF EXISTS "wbooks-api_development"[0m
  ↳ /home/mcolombo/.rbenv/versions/2.5.3/bin/rake:23
  [1m[35m (112.4ms)[0m  [1m[35mDROP DATABASE IF EXISTS "wbooks-api_test"[0m
  ↳ /home/mcolombo/.rbenv/versions/2.5.3/bin/rake:23
  [1m[35m (260.1ms)[0m  [1m[35mCREATE DATABASE "wbooks-api_development" ENCODING = 'unicode'[0m
  ↳ /home/mcolombo/.rbenv/versions/2.5.3/bin/rake:23
  [1m[35m (250.4ms)[0m  [1m[35mCREATE DATABASE "wbooks-api_test" ENCODING = 'unicode'[0m
  ↳ /home/mcolombo/.rbenv/versions/2.5.3/bin/rake:23
Started GET "/" for 127.0.0.1 at 2018-11-23 17:10:09 -0300
Processing by Rails::WelcomeController#index as HTML
  Rendering /home/mcolombo/.rbenv/versions/2.5.3/lib/ruby/gems/2.5.0/gems/railties-5.2.1/lib/rails/templates/rails/welcome/index.html.erb
  Rendered /home/mcolombo/.rbenv/versions/2.5.3/lib/ruby/gems/2.5.0/gems/railties-5.2.1/lib/rails/templates/rails/welcome/index.html.erb (2.8ms)
Completed 200 OK in 9ms (Views: 4.6ms | ActiveRecord: 0.0ms)


